[2017-07-22 23:01:36,714] [WARN] [http] - ::1 - - "GET / HTTP/1.1" 302 50 "" "Mozilla/5.0 (Windows NT 6.3; Win64; x64) AppleWebKit/537.36 (KHTML, like Gecko) Chrome/59.0.3071.115 Safari/537.36"
[2017-07-22 23:01:36,730] [WARN] [http] - ::1 - - "GET /ui/ HTTP/1.1" 302 60 "" "Mozilla/5.0 (Windows NT 6.3; Win64; x64) AppleWebKit/537.36 (KHTML, like Gecko) Chrome/59.0.3071.115 Safari/537.36"
[2017-07-22 23:01:36,738] [WARN] [http] - ::1 - - "GET /ui/auth HTTP/1.1" 302 368 "" "Mozilla/5.0 (Windows NT 6.3; Win64; x64) AppleWebKit/537.36 (KHTML, like Gecko) Chrome/59.0.3071.115 Safari/537.36"
[2017-07-22 23:01:38,001] [WARN] [http] - ::1 - - "GET /ui/callback?code=ST-211-G4G2yJAPmbusuVKz1KvG-cgldwas0184 HTTP/1.1" 302 50 "" "Mozilla/5.0 (Windows NT 6.3; Win64; x64) AppleWebKit/537.36 (KHTML, like Gecko) Chrome/59.0.3071.115 Safari/537.36"
[2017-07-22 23:01:38,048] [WARN] [http] - ::1 - - "GET /ui/ HTTP/1.1" 302 60 "" "Mozilla/5.0 (Windows NT 6.3; Win64; x64) AppleWebKit/537.36 (KHTML, like Gecko) Chrome/59.0.3071.115 Safari/537.36"
[2017-07-22 23:01:38,069] [WARN] [http] - ::1 - - "GET /ui/auth HTTP/1.1" 302 368 "" "Mozilla/5.0 (Windows NT 6.3; Win64; x64) AppleWebKit/537.36 (KHTML, like Gecko) Chrome/59.0.3071.115 Safari/537.36"
[2017-07-22 23:01:38,985] [WARN] [http] - ::1 - - "GET /ui/callback?code=ST-212-0qTcRDbxrbyblQWUQFtA-cgldwas0184 HTTP/1.1" 302 50 "" "Mozilla/5.0 (Windows NT 6.3; Win64; x64) AppleWebKit/537.36 (KHTML, like Gecko) Chrome/59.0.3071.115 Safari/537.36"
[2017-07-22 23:01:39,037] [WARN] [http] - ::1 - - "GET /ui/ HTTP/1.1" 302 60 "" "Mozilla/5.0 (Windows NT 6.3; Win64; x64) AppleWebKit/537.36 (KHTML, like Gecko) Chrome/59.0.3071.115 Safari/537.36"
[2017-07-22 23:01:39,062] [WARN] [http] - ::1 - - "GET /ui/auth HTTP/1.1" 302 368 "" "Mozilla/5.0 (Windows NT 6.3; Win64; x64) AppleWebKit/537.36 (KHTML, like Gecko) Chrome/59.0.3071.115 Safari/537.36"
[2017-07-22 23:01:40,734] [WARN] [http] - ::1 - - "GET /ui/callback?code=ST-213-r4OAV5IYz1FNtcaECBMi-cgldwas0184 HTTP/1.1" 302 50 "" "Mozilla/5.0 (Windows NT 6.3; Win64; x64) AppleWebKit/537.36 (KHTML, like Gecko) Chrome/59.0.3071.115 Safari/537.36"
[2017-07-22 23:01:40,753] [WARN] [http] - ::1 - - "GET /ui HTTP/1.1" 302 60 "" "Mozilla/5.0 (Windows NT 6.3; Win64; x64) AppleWebKit/537.36 (KHTML, like Gecko) Chrome/59.0.3071.115 Safari/537.36"
[2017-07-22 23:01:40,765] [WARN] [http] - ::1 - - "GET /ui/auth HTTP/1.1" 302 368 "" "Mozilla/5.0 (Windows NT 6.3; Win64; x64) AppleWebKit/537.36 (KHTML, like Gecko) Chrome/59.0.3071.115 Safari/537.36"
[2017-07-22 23:01:41,621] [WARN] [http] - ::1 - - "GET /ui/callback?code=ST-214-JSu3kbDwyIuO4vgF6Rhg-cgldwas0184 HTTP/1.1" 302 50 "" "Mozilla/5.0 (Windows NT 6.3; Win64; x64) AppleWebKit/537.36 (KHTML, like Gecko) Chrome/59.0.3071.115 Safari/537.36"
[2017-07-22 23:01:41,636] [WARN] [http] - ::1 - - "GET /ui HTTP/1.1" 302 60 "" "Mozilla/5.0 (Windows NT 6.3; Win64; x64) AppleWebKit/537.36 (KHTML, like Gecko) Chrome/59.0.3071.115 Safari/537.36"
[2017-07-22 23:01:41,645] [WARN] [http] - ::1 - - "GET /ui/auth HTTP/1.1" 302 368 "" "Mozilla/5.0 (Windows NT 6.3; Win64; x64) AppleWebKit/537.36 (KHTML, like Gecko) Chrome/59.0.3071.115 Safari/537.36"
[2017-07-22 23:01:42,463] [WARN] [http] - ::1 - - "GET /ui/callback?code=ST-215-H9Gk6aCzdkUz42TMVzRW-cgldwas0184 HTTP/1.1" 302 50 "" "Mozilla/5.0 (Windows NT 6.3; Win64; x64) AppleWebKit/537.36 (KHTML, like Gecko) Chrome/59.0.3071.115 Safari/537.36"
[2017-07-22 23:01:42,497] [WARN] [http] - ::1 - - "GET /ui HTTP/1.1" 302 60 "" "Mozilla/5.0 (Windows NT 6.3; Win64; x64) AppleWebKit/537.36 (KHTML, like Gecko) Chrome/59.0.3071.115 Safari/537.36"
[2017-07-22 23:01:42,522] [WARN] [http] - ::1 - - "GET /ui/auth HTTP/1.1" 302 368 "" "Mozilla/5.0 (Windows NT 6.3; Win64; x64) AppleWebKit/537.36 (KHTML, like Gecko) Chrome/59.0.3071.115 Safari/537.36"
[2017-07-22 23:01:43,431] [WARN] [http] - ::1 - - "GET /ui/callback?code=ST-216-6GxWaZ9ebLnFwdzAXOh4-cgldwas0184 HTTP/1.1" 302 50 "" "Mozilla/5.0 (Windows NT 6.3; Win64; x64) AppleWebKit/537.36 (KHTML, like Gecko) Chrome/59.0.3071.115 Safari/537.36"
[2017-07-22 23:01:43,452] [WARN] [http] - ::1 - - "GET /ui HTTP/1.1" 302 60 "" "Mozilla/5.0 (Windows NT 6.3; Win64; x64) AppleWebKit/537.36 (KHTML, like Gecko) Chrome/59.0.3071.115 Safari/537.36"
[2017-07-22 23:01:43,482] [WARN] [http] - ::1 - - "GET /ui/auth HTTP/1.1" 302 368 "" "Mozilla/5.0 (Windows NT 6.3; Win64; x64) AppleWebKit/537.36 (KHTML, like Gecko) Chrome/59.0.3071.115 Safari/537.36"
