[2017-04-30 15:52:37,141] [INFO] [server] - Starting NodeJS Server for ADAMS
[2017-04-30 15:52:37,495] [INFO] [stg-utils] - Initializing STG Server with the following config:
[2017-04-30 15:52:37,496] [INFO] [stg-utils] - {"config":{"application":{"name":"ADAMS"},"oauth":{"clientID":"ADAMS Local","clientSecret":"application data is my life","url":"https://ssodev.compassmanager.com/oauth2.0","autoLogoutOnSessionExpired":"true"},"server":{"port":3005,"rootContext":"/ui","logPath":"C:\\Users\\ChouhR01\\workspace\\Adams UI\\server\\src/logs"},"urls":{"adams":"http://172.29.130.103:8080/master_data_web","sso":"https://ssodev.compassmanager.com"},"ga":{"id":""},"clientLogger":{"flushInterval":600000,"maxLogLength":10000,"isDebugEnabled":true,"enableLogService":true}},"token":{"revalidateAfterMin":30,"longestTimeToLiveHours":8},"server":{"rootContext":"/ui"},"sessionSecret":"sample app session secret","oauth":{"clientID":"ADAMS Local","clientSecret":"application data is my life","url":"https://ssodev.compassmanager.com/oauth2.0","autoLogoutOnSessionExpired":"true","authCallbackURL":"/ui/callback","reauthCallbackURL":"/ui/callback/reauth","reauthCallbackTokenURL":"/ui/callback/reauth/token","routes":{"auth":"/ui/auth","reauth":"/ui/auth/reauth","checkToken":"/ui/auth/checkToken","logoutToken":"/ui/auth/logout"}}}
[2017-04-30 15:52:37,572] [INFO] [server] - initializing routers
[2017-04-30 15:52:37,616] [INFO] [server] - registering routers with Express /ui
[2017-04-30 15:52:37,721] [INFO] [server] - ADAMS server started listening at http://:::3005 with pid 4252
[2017-04-30 18:22:37,974] [INFO] [server] - Starting NodeJS Server for ADAMS
[2017-04-30 18:22:38,422] [INFO] [stg-utils] - Initializing STG Server with the following config:
[2017-04-30 18:22:38,422] [INFO] [stg-utils] - {"config":{"application":{"name":"ADAMS"},"oauth":{"clientID":"ADAMS Local","clientSecret":"application data is my life","url":"https://ssodev.compassmanager.com/oauth2.0","autoLogoutOnSessionExpired":"true"},"server":{"port":3005,"rootContext":"/ui","logPath":"C:\\Users\\ChouhR01\\workspace\\Adams UI\\server\\src/logs"},"urls":{"adams":"http://172.29.130.103:8080/master_data_web","sso":"https://ssodev.compassmanager.com"},"ga":{"id":""},"clientLogger":{"flushInterval":600000,"maxLogLength":10000,"isDebugEnabled":true,"enableLogService":true}},"token":{"revalidateAfterMin":30,"longestTimeToLiveHours":8},"server":{"rootContext":"/ui"},"sessionSecret":"sample app session secret","oauth":{"clientID":"ADAMS Local","clientSecret":"application data is my life","url":"https://ssodev.compassmanager.com/oauth2.0","autoLogoutOnSessionExpired":"true","authCallbackURL":"/ui/callback","reauthCallbackURL":"/ui/callback/reauth","reauthCallbackTokenURL":"/ui/callback/reauth/token","routes":{"auth":"/ui/auth","reauth":"/ui/auth/reauth","checkToken":"/ui/auth/checkToken","logoutToken":"/ui/auth/logout"}}}
[2017-04-30 18:22:38,506] [INFO] [server] - initializing routers
[2017-04-30 18:22:38,546] [INFO] [server] - registering routers with Express /ui
[2017-04-30 18:22:38,668] [INFO] [server] - ADAMS server started listening at http://:::3005 with pid 11848
[2017-04-30 18:23:50,348] [INFO] [server] - Starting NodeJS Server for ADAMS
[2017-04-30 18:23:50,797] [INFO] [stg-utils] - Initializing STG Server with the following config:
[2017-04-30 18:23:50,798] [INFO] [stg-utils] - {"config":{"application":{"name":"ADAMS"},"oauth":{"clientID":"ADAMS Local","clientSecret":"application data is my life","url":"https://ssodev.compassmanager.com/oauth2.0","autoLogoutOnSessionExpired":"true"},"server":{"port":3005,"rootContext":"/ui","logPath":"C:\\Users\\ChouhR01\\workspace\\Adams UI\\server\\src/logs"},"urls":{"adams":"http://172.29.130.103:8080/master_data_web","sso":"https://ssodev.compassmanager.com"},"ga":{"id":""},"clientLogger":{"flushInterval":600000,"maxLogLength":10000,"isDebugEnabled":true,"enableLogService":true}},"token":{"revalidateAfterMin":30,"longestTimeToLiveHours":8},"server":{"rootContext":"/ui"},"sessionSecret":"sample app session secret","oauth":{"clientID":"ADAMS Local","clientSecret":"application data is my life","url":"https://ssodev.compassmanager.com/oauth2.0","autoLogoutOnSessionExpired":"true","authCallbackURL":"/ui/callback","reauthCallbackURL":"/ui/callback/reauth","reauthCallbackTokenURL":"/ui/callback/reauth/token","routes":{"auth":"/ui/auth","reauth":"/ui/auth/reauth","checkToken":"/ui/auth/checkToken","logoutToken":"/ui/auth/logout"}}}
[2017-04-30 18:23:50,883] [INFO] [server] - initializing routers
[2017-04-30 18:23:50,925] [INFO] [server] - registering routers with Express /ui
[2017-04-30 18:23:51,043] [INFO] [server] - ADAMS server started listening at http://:::3005 with pid 9724
[2017-07-22 23:01:21,212] [INFO] [server] - Starting NodeJS Server for ADAMS
[2017-07-22 23:01:21,608] [INFO] [stg-utils] - Initializing STG Server with the following config:
[2017-07-22 23:01:21,609] [INFO] [stg-utils] - {"config":{"application":{"name":"ADAMS"},"oauth":{"clientID":"ADAMS Local","clientSecret":"application data is my life","url":"https://ssodev.compassmanager.com/oauth2.0","autoLogoutOnSessionExpired":"true"},"server":{"port":3005,"rootContext":"/ui","logPath":"C:\\Users\\ChouhR01\\workspace\\Adams UI\\server\\src/logs"},"urls":{"adams":"https://adamsdev.compassmanager.com","sso":"https://ssodev.compassmanager.com"},"ga":{"id":""},"clientLogger":{"flushInterval":600000,"maxLogLength":10000,"isDebugEnabled":true,"enableLogService":true}},"token":{"revalidateAfterMin":30,"longestTimeToLiveHours":8},"server":{"rootContext":"/ui"},"sessionSecret":"sample app session secret","oauth":{"clientID":"ADAMS Local","clientSecret":"application data is my life","url":"https://ssodev.compassmanager.com/oauth2.0","autoLogoutOnSessionExpired":"true","authCallbackURL":"/ui/callback","reauthCallbackURL":"/ui/callback/reauth","reauthCallbackTokenURL":"/ui/callback/reauth/token","routes":{"auth":"/ui/auth","reauth":"/ui/auth/reauth","checkToken":"/ui/auth/checkToken","logoutToken":"/ui/auth/logout"}}}
[2017-07-22 23:01:21,701] [INFO] [server] - initializing routers
[2017-07-22 23:01:21,738] [INFO] [server] - registering routers with Express /ui
[2017-07-22 23:01:21,746] [INFO] [server] - ADAMS server started listening at http://:::3005 with pid 9820
[2017-07-22 23:01:36,726] [DEBUG] [security] - A request has been made to a protected resource, checking to see if authentication has already taken place
[2017-07-22 23:01:36,726] [DEBUG] [security] - Request URL: /ui/
[2017-07-22 23:01:36,726] [DEBUG] [security] - Authentication has not yet taken place, beginning authentication process
[2017-07-22 23:01:36,737] [DEBUG] [security] - Beginning OAuth Authentication
[2017-07-22 23:01:36,737] [DEBUG] [security] - Authorization URL: https://ssodev.compassmanager.com/oauth2.0/authorize?redirect_uri=http%3A%2F%2Flocalhost%3A3005%2Fui%2Fcallback&response_type=code&client_id=ADAMS%20Local
[2017-07-22 23:01:37,032] [DEBUG] [security] - Entering OAuth callback endpoint
[2017-07-22 23:01:37,032] [DEBUG] [security] - Retrieved the following OAuth code from the OAuth server ST-211-G4G2yJAPmbusuVKz1KvG-cgldwas0184
[2017-07-22 23:01:37,409] [DEBUG] [security] - Executing validateAndFormatTokenFromServer for result "access_token=TGT-104-b97cmCTEf0Y6OPwmVSJiJ24igqlwI1OodkFeJkLAMEF6hplSIF-cgldwas0184&expires=1231"
[2017-07-22 23:01:37,410] [DEBUG] [security] - Validation complete, token TGT-104-b97cmCTEf0Y6OPwmVSJiJ24igqlwI1OodkFeJkLAMEF6hplSIF-cgldwas0184 is good
[2017-07-22 23:01:37,574] [DEBUG] [security] - Successfully retrieved OAuth profile for token TGT-104-b97cmCTEf0Y6OPwmVSJiJ24igqlwI1OodkFeJkLAMEF6hplSIF-cgldwas0184
[2017-07-22 23:01:37,574] [DEBUG] [rbac] - Executing getRbacUserProfileFromToken for token TGT-104-b97cmCTEf0Y6OPwmVSJiJ24igqlwI1OodkFeJkLAMEF6hplSIF-cgldwas0184 and profile {"id":"ChouhR01","attributes":[{"CostCenter":"4805"},{"Telephone":"704-328-5104"},{"Email":"Rakesh.Chouhan@compass-usa.com"},{"FullName":"Chouhan, Rakesh"},{"Mobile":"337-853-1497"},{"PwdLastSet":"131411543828440178"},{"FirstName":"Rakesh"},{"Company":"Compass Group North America"},{"Department":"ESS-Webtrition"},{"LastName":"Chouhan"},{"Title":"Senior Software Engineer"}]}
[2017-07-22 23:01:37,574] [DEBUG] [rbac] - Executing getRbacProfile with url https://adamsdev.compassmanager.com/api/users/profile?app_name=ADAMS for token TGT-104-b97cmCTEf0Y6OPwmVSJiJ24igqlwI1OodkFeJkLAMEF6hplSIF-cgldwas0184
[2017-07-22 23:01:37,808] [DEBUG] [rbac] - Inside callback for getRbacProfile for token TGT-104-b97cmCTEf0Y6OPwmVSJiJ24igqlwI1OodkFeJkLAMEF6hplSIF-cgldwas0184
[2017-07-22 23:01:37,809] [DEBUG] [rbac] - Got the following profile for the token {"user_name":"CHOUHR01","status":"A","first_name":"RAKESH","middle_name":"","last_name":"CHOUHAN","email":"12150723","cell_phone":"6147875331","cost_center_name":"100","cost_center_source_system_id":"1001","default_role":{"role_name":"Admin"},"current_role":{"role_name":"Admin"},"all_roles":[{"role_name":"Admin"}],"secured_objects":[{"object_name":"User Administration","object_type":"Menu","access_type":"WRITE","attributes":null,"attribute":null,"access_control":null,"objectId":"303"}]}
[2017-07-22 23:01:37,809] [DEBUG] [rbac] - Executing getTeamsBasedOnRbacProfile for token TGT-104-b97cmCTEf0Y6OPwmVSJiJ24igqlwI1OodkFeJkLAMEF6hplSIF-cgldwas0184
[2017-07-22 23:01:37,977] [DEBUG] [rbac] - Inside callback for getTeamsBasedOnRbacProfile for token TGT-104-b97cmCTEf0Y6OPwmVSJiJ24igqlwI1OodkFeJkLAMEF6hplSIF-cgldwas0184
[2017-07-22 23:01:37,977] [DEBUG] [rbac] - Got the following teams for this profile [{"id":82866100251,"team_name":"COMPASS","team_description":"Compass Group USA","source_system_id":"0","team_type":"BusinessType","default_team":true,"team_display_path":"GROUP~NA Group/COMPASS~Compass Group/","team_id":"1","team_path":"GROUP/COMPASS/"}]
[2017-07-22 23:01:37,978] [INFO] [security] - Successfully retrieved profile for token TGT-104-b97cmCTEf0Y6OPwmVSJiJ24igqlwI1OodkFeJkLAMEF6hplSIF-cgldwas0184 profile={"user_name":"CHOUHR01","status":"A","first_name":"RAKESH","middle_name":"","last_name":"CHOUHAN","email":"12150723","cell_phone":"6147875331","cost_center_name":"100","cost_center_source_system_id":"1001","default_role":{"role_name":"Admin"},"current_role":{"role_name":"Admin"},"all_roles":[{"role_name":"Admin"}],"secured_objects":[{"object_name":"User Administration","object_type":"Menu","access_type":"WRITE","attributes":null,"attribute":null,"access_control":null,"objectId":"303"}],"profile_type":"RBAC","teams":[{"id":82866100251,"team_name":"COMPASS","team_description":"Compass Group USA","source_system_id":"0","team_type":"BusinessType","default_team":true,"team_display_path":"GROUP~NA Group/COMPASS~Compass Group/","team_id":"1","team_path":"GROUP/COMPASS/"}]}
[2017-07-22 23:01:37,978] [DEBUG] [security] - Successfully completed OAuth authentication process
[2017-07-22 23:01:38,025] [DEBUG] [security] - A request has been made to a protected resource, checking to see if authentication has already taken place
[2017-07-22 23:01:38,026] [DEBUG] [security] - Request URL: /ui/
[2017-07-22 23:01:38,026] [DEBUG] [security] - Authentication has already taken place, returning requested resource
[2017-07-22 23:01:38,062] [DEBUG] [security] - Beginning OAuth Authentication
[2017-07-22 23:01:38,062] [DEBUG] [security] - Authorization URL: https://ssodev.compassmanager.com/oauth2.0/authorize?redirect_uri=http%3A%2F%2Flocalhost%3A3005%2Fui%2Fcallback&response_type=code&client_id=ADAMS%20Local
[2017-07-22 23:01:38,307] [DEBUG] [security] - Entering OAuth callback endpoint
[2017-07-22 23:01:38,307] [DEBUG] [security] - Retrieved the following OAuth code from the OAuth server ST-212-0qTcRDbxrbyblQWUQFtA-cgldwas0184
[2017-07-22 23:01:38,498] [DEBUG] [security] - Executing validateAndFormatTokenFromServer for result "access_token=TGT-104-b97cmCTEf0Y6OPwmVSJiJ24igqlwI1OodkFeJkLAMEF6hplSIF-cgldwas0184&expires=1230"
[2017-07-22 23:01:38,498] [DEBUG] [security] - Validation complete, token TGT-104-b97cmCTEf0Y6OPwmVSJiJ24igqlwI1OodkFeJkLAMEF6hplSIF-cgldwas0184 is good
[2017-07-22 23:01:38,648] [DEBUG] [security] - Successfully retrieved OAuth profile for token TGT-104-b97cmCTEf0Y6OPwmVSJiJ24igqlwI1OodkFeJkLAMEF6hplSIF-cgldwas0184
[2017-07-22 23:01:38,648] [DEBUG] [rbac] - Executing getRbacUserProfileFromToken for token TGT-104-b97cmCTEf0Y6OPwmVSJiJ24igqlwI1OodkFeJkLAMEF6hplSIF-cgldwas0184 and profile {"id":"ChouhR01","attributes":[{"Email":"Rakesh.Chouhan@compass-usa.com"},{"Telephone":"704-328-5104"},{"CostCenter":"4805"},{"FullName":"Chouhan, Rakesh"},{"Mobile":"337-853-1497"},{"FirstName":"Rakesh"},{"PwdLastSet":"131411543828440178"},{"LastName":"Chouhan"},{"Department":"ESS-Webtrition"},{"Company":"Compass Group North America"},{"Title":"Senior Software Engineer"}]}
[2017-07-22 23:01:38,648] [DEBUG] [rbac] - Executing getRbacProfile with url https://adamsdev.compassmanager.com/api/users/profile?app_name=ADAMS for token TGT-104-b97cmCTEf0Y6OPwmVSJiJ24igqlwI1OodkFeJkLAMEF6hplSIF-cgldwas0184
[2017-07-22 23:01:38,792] [DEBUG] [rbac] - Inside callback for getRbacProfile for token TGT-104-b97cmCTEf0Y6OPwmVSJiJ24igqlwI1OodkFeJkLAMEF6hplSIF-cgldwas0184
[2017-07-22 23:01:38,793] [DEBUG] [rbac] - Got the following profile for the token {"user_name":"CHOUHR01","status":"A","first_name":"RAKESH","middle_name":"","last_name":"CHOUHAN","email":"12150723","cell_phone":"6147875331","cost_center_name":"100","cost_center_source_system_id":"1001","default_role":{"role_name":"Admin"},"current_role":{"role_name":"Admin"},"all_roles":[{"role_name":"Admin"}],"secured_objects":[{"object_name":"User Administration","object_type":"Menu","access_type":"WRITE","attributes":null,"attribute":null,"access_control":null,"objectId":"303"}]}
[2017-07-22 23:01:38,793] [DEBUG] [rbac] - Executing getTeamsBasedOnRbacProfile for token TGT-104-b97cmCTEf0Y6OPwmVSJiJ24igqlwI1OodkFeJkLAMEF6hplSIF-cgldwas0184
[2017-07-22 23:01:38,975] [DEBUG] [rbac] - Inside callback for getTeamsBasedOnRbacProfile for token TGT-104-b97cmCTEf0Y6OPwmVSJiJ24igqlwI1OodkFeJkLAMEF6hplSIF-cgldwas0184
[2017-07-22 23:01:38,976] [DEBUG] [rbac] - Got the following teams for this profile [{"id":82866100251,"team_name":"COMPASS","team_description":"Compass Group USA","source_system_id":"0","team_type":"BusinessType","default_team":true,"team_display_path":"GROUP~NA Group/COMPASS~Compass Group/","team_id":"1","team_path":"GROUP/COMPASS/"}]
[2017-07-22 23:01:38,976] [INFO] [security] - Successfully retrieved profile for token TGT-104-b97cmCTEf0Y6OPwmVSJiJ24igqlwI1OodkFeJkLAMEF6hplSIF-cgldwas0184 profile={"user_name":"CHOUHR01","status":"A","first_name":"RAKESH","middle_name":"","last_name":"CHOUHAN","email":"12150723","cell_phone":"6147875331","cost_center_name":"100","cost_center_source_system_id":"1001","default_role":{"role_name":"Admin"},"current_role":{"role_name":"Admin"},"all_roles":[{"role_name":"Admin"}],"secured_objects":[{"object_name":"User Administration","object_type":"Menu","access_type":"WRITE","attributes":null,"attribute":null,"access_control":null,"objectId":"303"}],"profile_type":"RBAC","teams":[{"id":82866100251,"team_name":"COMPASS","team_description":"Compass Group USA","source_system_id":"0","team_type":"BusinessType","default_team":true,"team_display_path":"GROUP~NA Group/COMPASS~Compass Group/","team_id":"1","team_path":"GROUP/COMPASS/"}]}
[2017-07-22 23:01:38,977] [DEBUG] [security] - Successfully completed OAuth authentication process
[2017-07-22 23:01:39,022] [DEBUG] [security] - A request has been made to a protected resource, checking to see if authentication has already taken place
[2017-07-22 23:01:39,024] [DEBUG] [security] - Request URL: /ui/
[2017-07-22 23:01:39,024] [DEBUG] [security] - Authentication has already taken place, returning requested resource
[2017-07-22 23:01:39,055] [DEBUG] [security] - Beginning OAuth Authentication
[2017-07-22 23:01:39,056] [DEBUG] [security] - Authorization URL: https://ssodev.compassmanager.com/oauth2.0/authorize?redirect_uri=http%3A%2F%2Flocalhost%3A3005%2Fui%2Fcallback&response_type=code&client_id=ADAMS%20Local
[2017-07-22 23:01:40,022] [DEBUG] [security] - Entering OAuth callback endpoint
[2017-07-22 23:01:40,023] [DEBUG] [security] - Retrieved the following OAuth code from the OAuth server ST-213-r4OAV5IYz1FNtcaECBMi-cgldwas0184
[2017-07-22 23:01:40,294] [DEBUG] [security] - Executing validateAndFormatTokenFromServer for result "access_token=TGT-104-b97cmCTEf0Y6OPwmVSJiJ24igqlwI1OodkFeJkLAMEF6hplSIF-cgldwas0184&expires=1229"
[2017-07-22 23:01:40,294] [DEBUG] [security] - Validation complete, token TGT-104-b97cmCTEf0Y6OPwmVSJiJ24igqlwI1OodkFeJkLAMEF6hplSIF-cgldwas0184 is good
[2017-07-22 23:01:40,432] [DEBUG] [security] - Successfully retrieved OAuth profile for token TGT-104-b97cmCTEf0Y6OPwmVSJiJ24igqlwI1OodkFeJkLAMEF6hplSIF-cgldwas0184
[2017-07-22 23:01:40,432] [DEBUG] [rbac] - Executing getRbacUserProfileFromToken for token TGT-104-b97cmCTEf0Y6OPwmVSJiJ24igqlwI1OodkFeJkLAMEF6hplSIF-cgldwas0184 and profile {"id":"ChouhR01","attributes":[{"CostCenter":"4805"},{"Telephone":"704-328-5104"},{"Email":"Rakesh.Chouhan@compass-usa.com"},{"FullName":"Chouhan, Rakesh"},{"Mobile":"337-853-1497"},{"PwdLastSet":"131411543828440178"},{"FirstName":"Rakesh"},{"Company":"Compass Group North America"},{"Department":"ESS-Webtrition"},{"LastName":"Chouhan"},{"Title":"Senior Software Engineer"}]}
[2017-07-22 23:01:40,432] [DEBUG] [rbac] - Executing getRbacProfile with url https://adamsdev.compassmanager.com/api/users/profile?app_name=ADAMS for token TGT-104-b97cmCTEf0Y6OPwmVSJiJ24igqlwI1OodkFeJkLAMEF6hplSIF-cgldwas0184
[2017-07-22 23:01:40,574] [DEBUG] [rbac] - Inside callback for getRbacProfile for token TGT-104-b97cmCTEf0Y6OPwmVSJiJ24igqlwI1OodkFeJkLAMEF6hplSIF-cgldwas0184
[2017-07-22 23:01:40,574] [DEBUG] [rbac] - Got the following profile for the token {"user_name":"CHOUHR01","status":"A","first_name":"RAKESH","middle_name":"","last_name":"CHOUHAN","email":"12150723","cell_phone":"6147875331","cost_center_name":"100","cost_center_source_system_id":"1001","default_role":{"role_name":"Admin"},"current_role":{"role_name":"Admin"},"all_roles":[{"role_name":"Admin"}],"secured_objects":[{"object_name":"User Administration","object_type":"Menu","access_type":"WRITE","attributes":null,"attribute":null,"access_control":null,"objectId":"303"}]}
[2017-07-22 23:01:40,574] [DEBUG] [rbac] - Executing getTeamsBasedOnRbacProfile for token TGT-104-b97cmCTEf0Y6OPwmVSJiJ24igqlwI1OodkFeJkLAMEF6hplSIF-cgldwas0184
[2017-07-22 23:01:40,727] [DEBUG] [rbac] - Inside callback for getTeamsBasedOnRbacProfile for token TGT-104-b97cmCTEf0Y6OPwmVSJiJ24igqlwI1OodkFeJkLAMEF6hplSIF-cgldwas0184
[2017-07-22 23:01:40,728] [DEBUG] [rbac] - Got the following teams for this profile [{"id":82866100251,"team_name":"COMPASS","team_description":"Compass Group USA","source_system_id":"0","team_type":"BusinessType","default_team":true,"team_display_path":"GROUP~NA Group/COMPASS~Compass Group/","team_id":"1","team_path":"GROUP/COMPASS/"}]
[2017-07-22 23:01:40,728] [INFO] [security] - Successfully retrieved profile for token TGT-104-b97cmCTEf0Y6OPwmVSJiJ24igqlwI1OodkFeJkLAMEF6hplSIF-cgldwas0184 profile={"user_name":"CHOUHR01","status":"A","first_name":"RAKESH","middle_name":"","last_name":"CHOUHAN","email":"12150723","cell_phone":"6147875331","cost_center_name":"100","cost_center_source_system_id":"1001","default_role":{"role_name":"Admin"},"current_role":{"role_name":"Admin"},"all_roles":[{"role_name":"Admin"}],"secured_objects":[{"object_name":"User Administration","object_type":"Menu","access_type":"WRITE","attributes":null,"attribute":null,"access_control":null,"objectId":"303"}],"profile_type":"RBAC","teams":[{"id":82866100251,"team_name":"COMPASS","team_description":"Compass Group USA","source_system_id":"0","team_type":"BusinessType","default_team":true,"team_display_path":"GROUP~NA Group/COMPASS~Compass Group/","team_id":"1","team_path":"GROUP/COMPASS/"}]}
[2017-07-22 23:01:40,728] [DEBUG] [security] - Successfully completed OAuth authentication process
[2017-07-22 23:01:40,749] [DEBUG] [security] - A request has been made to a protected resource, checking to see if authentication has already taken place
[2017-07-22 23:01:40,749] [DEBUG] [security] - Request URL: /ui
[2017-07-22 23:01:40,749] [DEBUG] [security] - Authentication has already taken place, returning requested resource
[2017-07-22 23:01:40,762] [DEBUG] [security] - Beginning OAuth Authentication
[2017-07-22 23:01:40,762] [DEBUG] [security] - Authorization URL: https://ssodev.compassmanager.com/oauth2.0/authorize?redirect_uri=http%3A%2F%2Flocalhost%3A3005%2Fui%2Fcallback&response_type=code&client_id=ADAMS%20Local
[2017-07-22 23:01:40,992] [DEBUG] [security] - Entering OAuth callback endpoint
[2017-07-22 23:01:40,992] [DEBUG] [security] - Retrieved the following OAuth code from the OAuth server ST-214-JSu3kbDwyIuO4vgF6Rhg-cgldwas0184
[2017-07-22 23:01:41,181] [DEBUG] [security] - Executing validateAndFormatTokenFromServer for result "access_token=TGT-104-b97cmCTEf0Y6OPwmVSJiJ24igqlwI1OodkFeJkLAMEF6hplSIF-cgldwas0184&expires=1228"
[2017-07-22 23:01:41,181] [DEBUG] [security] - Validation complete, token TGT-104-b97cmCTEf0Y6OPwmVSJiJ24igqlwI1OodkFeJkLAMEF6hplSIF-cgldwas0184 is good
[2017-07-22 23:01:41,329] [DEBUG] [security] - Successfully retrieved OAuth profile for token TGT-104-b97cmCTEf0Y6OPwmVSJiJ24igqlwI1OodkFeJkLAMEF6hplSIF-cgldwas0184
[2017-07-22 23:01:41,330] [DEBUG] [rbac] - Executing getRbacUserProfileFromToken for token TGT-104-b97cmCTEf0Y6OPwmVSJiJ24igqlwI1OodkFeJkLAMEF6hplSIF-cgldwas0184 and profile {"id":"ChouhR01","attributes":[{"Email":"Rakesh.Chouhan@compass-usa.com"},{"Telephone":"704-328-5104"},{"CostCenter":"4805"},{"FullName":"Chouhan, Rakesh"},{"Mobile":"337-853-1497"},{"FirstName":"Rakesh"},{"PwdLastSet":"131411543828440178"},{"LastName":"Chouhan"},{"Department":"ESS-Webtrition"},{"Company":"Compass Group North America"},{"Title":"Senior Software Engineer"}]}
[2017-07-22 23:01:41,330] [DEBUG] [rbac] - Executing getRbacProfile with url https://adamsdev.compassmanager.com/api/users/profile?app_name=ADAMS for token TGT-104-b97cmCTEf0Y6OPwmVSJiJ24igqlwI1OodkFeJkLAMEF6hplSIF-cgldwas0184
[2017-07-22 23:01:41,461] [DEBUG] [rbac] - Inside callback for getRbacProfile for token TGT-104-b97cmCTEf0Y6OPwmVSJiJ24igqlwI1OodkFeJkLAMEF6hplSIF-cgldwas0184
[2017-07-22 23:01:41,461] [DEBUG] [rbac] - Got the following profile for the token {"user_name":"CHOUHR01","status":"A","first_name":"RAKESH","middle_name":"","last_name":"CHOUHAN","email":"12150723","cell_phone":"6147875331","cost_center_name":"100","cost_center_source_system_id":"1001","default_role":{"role_name":"Admin"},"current_role":{"role_name":"Admin"},"all_roles":[{"role_name":"Admin"}],"secured_objects":[{"object_name":"User Administration","object_type":"Menu","access_type":"WRITE","attributes":null,"attribute":null,"access_control":null,"objectId":"303"}]}
[2017-07-22 23:01:41,462] [DEBUG] [rbac] - Executing getTeamsBasedOnRbacProfile for token TGT-104-b97cmCTEf0Y6OPwmVSJiJ24igqlwI1OodkFeJkLAMEF6hplSIF-cgldwas0184
[2017-07-22 23:01:41,617] [DEBUG] [rbac] - Inside callback for getTeamsBasedOnRbacProfile for token TGT-104-b97cmCTEf0Y6OPwmVSJiJ24igqlwI1OodkFeJkLAMEF6hplSIF-cgldwas0184
[2017-07-22 23:01:41,617] [DEBUG] [rbac] - Got the following teams for this profile [{"id":82866100251,"team_name":"COMPASS","team_description":"Compass Group USA","source_system_id":"0","team_type":"BusinessType","default_team":true,"team_display_path":"GROUP~NA Group/COMPASS~Compass Group/","team_id":"1","team_path":"GROUP/COMPASS/"}]
[2017-07-22 23:01:41,617] [INFO] [security] - Successfully retrieved profile for token TGT-104-b97cmCTEf0Y6OPwmVSJiJ24igqlwI1OodkFeJkLAMEF6hplSIF-cgldwas0184 profile={"user_name":"CHOUHR01","status":"A","first_name":"RAKESH","middle_name":"","last_name":"CHOUHAN","email":"12150723","cell_phone":"6147875331","cost_center_name":"100","cost_center_source_system_id":"1001","default_role":{"role_name":"Admin"},"current_role":{"role_name":"Admin"},"all_roles":[{"role_name":"Admin"}],"secured_objects":[{"object_name":"User Administration","object_type":"Menu","access_type":"WRITE","attributes":null,"attribute":null,"access_control":null,"objectId":"303"}],"profile_type":"RBAC","teams":[{"id":82866100251,"team_name":"COMPASS","team_description":"Compass Group USA","source_system_id":"0","team_type":"BusinessType","default_team":true,"team_display_path":"GROUP~NA Group/COMPASS~Compass Group/","team_id":"1","team_path":"GROUP/COMPASS/"}]}
[2017-07-22 23:01:41,617] [DEBUG] [security] - Successfully completed OAuth authentication process
[2017-07-22 23:01:41,632] [DEBUG] [security] - A request has been made to a protected resource, checking to see if authentication has already taken place
[2017-07-22 23:01:41,632] [DEBUG] [security] - Request URL: /ui
[2017-07-22 23:01:41,632] [DEBUG] [security] - Authentication has already taken place, returning requested resource
[2017-07-22 23:01:41,643] [DEBUG] [security] - Beginning OAuth Authentication
[2017-07-22 23:01:41,643] [DEBUG] [security] - Authorization URL: https://ssodev.compassmanager.com/oauth2.0/authorize?redirect_uri=http%3A%2F%2Flocalhost%3A3005%2Fui%2Fcallback&response_type=code&client_id=ADAMS%20Local
[2017-07-22 23:01:41,859] [DEBUG] [security] - Entering OAuth callback endpoint
[2017-07-22 23:01:41,859] [DEBUG] [security] - Retrieved the following OAuth code from the OAuth server ST-215-H9Gk6aCzdkUz42TMVzRW-cgldwas0184
[2017-07-22 23:01:42,028] [DEBUG] [security] - Executing validateAndFormatTokenFromServer for result "access_token=TGT-104-b97cmCTEf0Y6OPwmVSJiJ24igqlwI1OodkFeJkLAMEF6hplSIF-cgldwas0184&expires=1227"
[2017-07-22 23:01:42,028] [DEBUG] [security] - Validation complete, token TGT-104-b97cmCTEf0Y6OPwmVSJiJ24igqlwI1OodkFeJkLAMEF6hplSIF-cgldwas0184 is good
[2017-07-22 23:01:42,156] [DEBUG] [security] - Successfully retrieved OAuth profile for token TGT-104-b97cmCTEf0Y6OPwmVSJiJ24igqlwI1OodkFeJkLAMEF6hplSIF-cgldwas0184
[2017-07-22 23:01:42,157] [DEBUG] [rbac] - Executing getRbacUserProfileFromToken for token TGT-104-b97cmCTEf0Y6OPwmVSJiJ24igqlwI1OodkFeJkLAMEF6hplSIF-cgldwas0184 and profile {"id":"ChouhR01","attributes":[{"CostCenter":"4805"},{"Telephone":"704-328-5104"},{"Email":"Rakesh.Chouhan@compass-usa.com"},{"FullName":"Chouhan, Rakesh"},{"Mobile":"337-853-1497"},{"PwdLastSet":"131411543828440178"},{"FirstName":"Rakesh"},{"Company":"Compass Group North America"},{"Department":"ESS-Webtrition"},{"LastName":"Chouhan"},{"Title":"Senior Software Engineer"}]}
[2017-07-22 23:01:42,157] [DEBUG] [rbac] - Executing getRbacProfile with url https://adamsdev.compassmanager.com/api/users/profile?app_name=ADAMS for token TGT-104-b97cmCTEf0Y6OPwmVSJiJ24igqlwI1OodkFeJkLAMEF6hplSIF-cgldwas0184
[2017-07-22 23:01:42,298] [DEBUG] [rbac] - Inside callback for getRbacProfile for token TGT-104-b97cmCTEf0Y6OPwmVSJiJ24igqlwI1OodkFeJkLAMEF6hplSIF-cgldwas0184
[2017-07-22 23:01:42,298] [DEBUG] [rbac] - Got the following profile for the token {"user_name":"CHOUHR01","status":"A","first_name":"RAKESH","middle_name":"","last_name":"CHOUHAN","email":"12150723","cell_phone":"6147875331","cost_center_name":"100","cost_center_source_system_id":"1001","default_role":{"role_name":"Admin"},"current_role":{"role_name":"Admin"},"all_roles":[{"role_name":"Admin"}],"secured_objects":[{"object_name":"User Administration","object_type":"Menu","access_type":"WRITE","attributes":null,"attribute":null,"access_control":null,"objectId":"303"}]}
[2017-07-22 23:01:42,299] [DEBUG] [rbac] - Executing getTeamsBasedOnRbacProfile for token TGT-104-b97cmCTEf0Y6OPwmVSJiJ24igqlwI1OodkFeJkLAMEF6hplSIF-cgldwas0184
[2017-07-22 23:01:42,448] [DEBUG] [rbac] - Inside callback for getTeamsBasedOnRbacProfile for token TGT-104-b97cmCTEf0Y6OPwmVSJiJ24igqlwI1OodkFeJkLAMEF6hplSIF-cgldwas0184
[2017-07-22 23:01:42,449] [DEBUG] [rbac] - Got the following teams for this profile [{"id":82866100251,"team_name":"COMPASS","team_description":"Compass Group USA","source_system_id":"0","team_type":"BusinessType","default_team":true,"team_display_path":"GROUP~NA Group/COMPASS~Compass Group/","team_id":"1","team_path":"GROUP/COMPASS/"}]
[2017-07-22 23:01:42,449] [INFO] [security] - Successfully retrieved profile for token TGT-104-b97cmCTEf0Y6OPwmVSJiJ24igqlwI1OodkFeJkLAMEF6hplSIF-cgldwas0184 profile={"user_name":"CHOUHR01","status":"A","first_name":"RAKESH","middle_name":"","last_name":"CHOUHAN","email":"12150723","cell_phone":"6147875331","cost_center_name":"100","cost_center_source_system_id":"1001","default_role":{"role_name":"Admin"},"current_role":{"role_name":"Admin"},"all_roles":[{"role_name":"Admin"}],"secured_objects":[{"object_name":"User Administration","object_type":"Menu","access_type":"WRITE","attributes":null,"attribute":null,"access_control":null,"objectId":"303"}],"profile_type":"RBAC","teams":[{"id":82866100251,"team_name":"COMPASS","team_description":"Compass Group USA","source_system_id":"0","team_type":"BusinessType","default_team":true,"team_display_path":"GROUP~NA Group/COMPASS~Compass Group/","team_id":"1","team_path":"GROUP/COMPASS/"}]}
[2017-07-22 23:01:42,450] [DEBUG] [security] - Successfully completed OAuth authentication process
[2017-07-22 23:01:42,486] [DEBUG] [security] - A request has been made to a protected resource, checking to see if authentication has already taken place
[2017-07-22 23:01:42,487] [DEBUG] [security] - Request URL: /ui
[2017-07-22 23:01:42,487] [DEBUG] [security] - Authentication has already taken place, returning requested resource
[2017-07-22 23:01:42,516] [DEBUG] [security] - Beginning OAuth Authentication
[2017-07-22 23:01:42,516] [DEBUG] [security] - Authorization URL: https://ssodev.compassmanager.com/oauth2.0/authorize?redirect_uri=http%3A%2F%2Flocalhost%3A3005%2Fui%2Fcallback&response_type=code&client_id=ADAMS%20Local
[2017-07-22 23:01:42,799] [DEBUG] [security] - Entering OAuth callback endpoint
[2017-07-22 23:01:42,800] [DEBUG] [security] - Retrieved the following OAuth code from the OAuth server ST-216-6GxWaZ9ebLnFwdzAXOh4-cgldwas0184
[2017-07-22 23:01:42,976] [DEBUG] [security] - Executing validateAndFormatTokenFromServer for result "access_token=TGT-104-b97cmCTEf0Y6OPwmVSJiJ24igqlwI1OodkFeJkLAMEF6hplSIF-cgldwas0184&expires=1226"
[2017-07-22 23:01:42,976] [DEBUG] [security] - Validation complete, token TGT-104-b97cmCTEf0Y6OPwmVSJiJ24igqlwI1OodkFeJkLAMEF6hplSIF-cgldwas0184 is good
[2017-07-22 23:01:43,129] [DEBUG] [security] - Successfully retrieved OAuth profile for token TGT-104-b97cmCTEf0Y6OPwmVSJiJ24igqlwI1OodkFeJkLAMEF6hplSIF-cgldwas0184
[2017-07-22 23:01:43,129] [DEBUG] [rbac] - Executing getRbacUserProfileFromToken for token TGT-104-b97cmCTEf0Y6OPwmVSJiJ24igqlwI1OodkFeJkLAMEF6hplSIF-cgldwas0184 and profile {"id":"ChouhR01","attributes":[{"Email":"Rakesh.Chouhan@compass-usa.com"},{"Telephone":"704-328-5104"},{"CostCenter":"4805"},{"FullName":"Chouhan, Rakesh"},{"Mobile":"337-853-1497"},{"FirstName":"Rakesh"},{"PwdLastSet":"131411543828440178"},{"LastName":"Chouhan"},{"Department":"ESS-Webtrition"},{"Company":"Compass Group North America"},{"Title":"Senior Software Engineer"}]}
[2017-07-22 23:01:43,129] [DEBUG] [rbac] - Executing getRbacProfile with url https://adamsdev.compassmanager.com/api/users/profile?app_name=ADAMS for token TGT-104-b97cmCTEf0Y6OPwmVSJiJ24igqlwI1OodkFeJkLAMEF6hplSIF-cgldwas0184
[2017-07-22 23:01:43,274] [DEBUG] [rbac] - Inside callback for getRbacProfile for token TGT-104-b97cmCTEf0Y6OPwmVSJiJ24igqlwI1OodkFeJkLAMEF6hplSIF-cgldwas0184
[2017-07-22 23:01:43,276] [DEBUG] [rbac] - Got the following profile for the token {"user_name":"CHOUHR01","status":"A","first_name":"RAKESH","middle_name":"","last_name":"CHOUHAN","email":"12150723","cell_phone":"6147875331","cost_center_name":"100","cost_center_source_system_id":"1001","default_role":{"role_name":"Admin"},"current_role":{"role_name":"Admin"},"all_roles":[{"role_name":"Admin"}],"secured_objects":[{"object_name":"User Administration","object_type":"Menu","access_type":"WRITE","attributes":null,"attribute":null,"access_control":null,"objectId":"303"}]}
[2017-07-22 23:01:43,277] [DEBUG] [rbac] - Executing getTeamsBasedOnRbacProfile for token TGT-104-b97cmCTEf0Y6OPwmVSJiJ24igqlwI1OodkFeJkLAMEF6hplSIF-cgldwas0184
[2017-07-22 23:01:43,424] [DEBUG] [rbac] - Inside callback for getTeamsBasedOnRbacProfile for token TGT-104-b97cmCTEf0Y6OPwmVSJiJ24igqlwI1OodkFeJkLAMEF6hplSIF-cgldwas0184
[2017-07-22 23:01:43,425] [DEBUG] [rbac] - Got the following teams for this profile [{"id":82866100251,"team_name":"COMPASS","team_description":"Compass Group USA","source_system_id":"0","team_type":"BusinessType","default_team":true,"team_display_path":"GROUP~NA Group/COMPASS~Compass Group/","team_id":"1","team_path":"GROUP/COMPASS/"}]
[2017-07-22 23:01:43,425] [INFO] [security] - Successfully retrieved profile for token TGT-104-b97cmCTEf0Y6OPwmVSJiJ24igqlwI1OodkFeJkLAMEF6hplSIF-cgldwas0184 profile={"user_name":"CHOUHR01","status":"A","first_name":"RAKESH","middle_name":"","last_name":"CHOUHAN","email":"12150723","cell_phone":"6147875331","cost_center_name":"100","cost_center_source_system_id":"1001","default_role":{"role_name":"Admin"},"current_role":{"role_name":"Admin"},"all_roles":[{"role_name":"Admin"}],"secured_objects":[{"object_name":"User Administration","object_type":"Menu","access_type":"WRITE","attributes":null,"attribute":null,"access_control":null,"objectId":"303"}],"profile_type":"RBAC","teams":[{"id":82866100251,"team_name":"COMPASS","team_description":"Compass Group USA","source_system_id":"0","team_type":"BusinessType","default_team":true,"team_display_path":"GROUP~NA Group/COMPASS~Compass Group/","team_id":"1","team_path":"GROUP/COMPASS/"}]}
[2017-07-22 23:01:43,426] [DEBUG] [security] - Successfully completed OAuth authentication process
[2017-07-22 23:01:43,445] [DEBUG] [security] - A request has been made to a protected resource, checking to see if authentication has already taken place
[2017-07-22 23:01:43,445] [DEBUG] [security] - Request URL: /ui
[2017-07-22 23:01:43,445] [DEBUG] [security] - Authentication has already taken place, returning requested resource
[2017-07-22 23:01:43,474] [DEBUG] [security] - Beginning OAuth Authentication
[2017-07-22 23:01:43,476] [DEBUG] [security] - Authorization URL: https://ssodev.compassmanager.com/oauth2.0/authorize?redirect_uri=http%3A%2F%2Flocalhost%3A3005%2Fui%2Fcallback&response_type=code&client_id=ADAMS%20Local
[2017-10-14 13:09:52,097] [INFO] [server] - Starting NodeJS Server for ADAMS
[2017-10-14 13:09:53,135] [INFO] [stg-utils] - Initializing STG Server with the following config:
[2017-10-14 13:09:53,135] [INFO] [stg-utils] - {"config":{"application":{"name":"ADAMS"},"oauth":{"clientID":"ADAMS Local","clientSecret":"application data is my life","url":"https://ssodev.compassmanager.com/oauth2.0","autoLogoutOnSessionExpired":"true"},"server":{"port":3005,"rootContext":"/ui","logPath":"C:\\Users\\ChouhR01\\workspace\\Adams UI\\server\\src/logs"},"urls":{"adams":"https://adamsci.compassmanager.com","sso":"https://ssodev.compassmanager.com"},"ga":{"id":""},"dynatrace":{"enabled":false},"clientLogger":{"flushInterval":600000,"maxLogLength":10000,"isDebugEnabled":true,"enableLogService":true},"googlemaps":{"enabled":true,"clientId":"AIzaSyBx5XGGSNfkc_nODEPsInQMg7iZKcbd6BE","url":"https://maps.googleapis.com/maps","scriptEndpoint":"https://maps.googleapis.com/maps/api/js"}},"token":{"revalidateAfterMin":30,"longestTimeToLiveHours":8},"server":{"rootContext":"/ui"},"sessionSecret":"sample app session secret","oauth":{"clientID":"ADAMS Local","clientSecret":"application data is my life","url":"https://ssodev.compassmanager.com/oauth2.0","autoLogoutOnSessionExpired":"true","authCallbackURL":"/ui/callback","reauthCallbackURL":"/ui/callback/reauth","reauthCallbackTokenURL":"/ui/callback/reauth/token","routes":{"auth":"/ui/auth","reauth":"/ui/auth/reauth","checkToken":"/ui/auth/checkToken","logoutToken":"/ui/auth/logout"}}}
[2017-10-14 13:09:53,283] [INFO] [server] - initializing routers
[2017-10-14 13:09:53,344] [INFO] [server] - registering routers with Express /ui
[2017-10-14 13:09:53,352] [INFO] [server] - ADAMS server started listening at http://:::3005 with pid 17756
